<?xml version="1.0" encoding="UTF-8"?>
<testsuite name="ru.stqa.learn.sandbox.EquationTests" tests="6" skipped="0" failures="0" errors="0" timestamp="2017-11-21T12:07:05" hostname="WSRU-CRM-008" time="0.007">
  <properties/>
  <testcase name="test0" classname="ru.stqa.learn.sandbox.EquationTests" time="0.004"/>
  <testcase name="test1" classname="ru.stqa.learn.sandbox.EquationTests" time="0.0"/>
  <testcase name="test2" classname="ru.stqa.learn.sandbox.EquationTests" time="0.0"/>
  <testcase name="testConstant" classname="ru.stqa.learn.sandbox.EquationTests" time="0.001"/>
  <testcase name="testLiear" classname="ru.stqa.learn.sandbox.EquationTests" time="0.0"/>
  <testcase name="testZero" classname="ru.stqa.learn.sandbox.EquationTests" time="0.001"/>
  <system-out><![CDATA[]]></system-out>
  <system-err><![CDATA[]]></system-err>
</testsuite>
