<?xml version="1.0" encoding="UTF-8"?>
<testsuite name="ru.stqa.learn.sandbox.SquareTests" tests="1" skipped="0" failures="0" errors="0" timestamp="2017-11-21T12:07:10" hostname="WSRU-CRM-008" time="0.001">
  <properties/>
  <testcase name="testArea" classname="ru.stqa.learn.sandbox.SquareTests" time="0.001"/>
  <system-out><![CDATA[]]></system-out>
  <system-err><![CDATA[]]></system-err>
</testsuite>
