<?xml version="1.0" encoding="UTF-8"?>
<testsuite name="ru.stqa.learn.sandbox.PointTests" tests="3" skipped="0" failures="0" errors="0" timestamp="2017-11-21T12:07:05" hostname="WSRU-CRM-008" time="0.001">
  <properties/>
  <testcase name="testDistance" classname="ru.stqa.learn.sandbox.PointTests" time="0.001"/>
  <testcase name="testDistanceDelta" classname="ru.stqa.learn.sandbox.PointTests" time="0.0"/>
  <testcase name="testDistanceEqualsPoints" classname="ru.stqa.learn.sandbox.PointTests" time="0.0"/>
  <system-out><![CDATA[]]></system-out>
  <system-err><![CDATA[]]></system-err>
</testsuite>
