<?xml version="1.0" encoding="UTF-8"?>
<testsuite name="ru.stqa.learn.addressbook.tests.GroupModificationTests" tests="1" skipped="0" failures="0" errors="0" timestamp="2017-11-21T14:09:27" hostname="WSRU-CRM-008" time="8.593">
  <properties/>
  <testcase name="testGroupModification" classname="ru.stqa.learn.addressbook.tests.GroupModificationTests" time="8.593"/>
  <system-out><![CDATA[Hibernate: select groupdata0_.group_id as group_id1_2_, groupdata0_.group_footer as group_fo2_2_, groupdata0_.group_header as group_he3_2_, groupdata0_.group_name as group_na4_2_ from group_list groupdata0_
Hibernate: select groupdata0_.group_id as group_id1_2_, groupdata0_.group_footer as group_fo2_2_, groupdata0_.group_header as group_he3_2_, groupdata0_.group_name as group_na4_2_ from group_list groupdata0_
]]></system-out>
  <system-err><![CDATA[]]></system-err>
</testsuite>
