<?xml version="1.0" encoding="UTF-8"?>
<testsuite name="ru.stqa.learn.addressbook.tests.ContactCreationTests" tests="1" skipped="0" failures="0" errors="0" timestamp="2017-10-17T14:57:45" hostname="WSRU-CRM-008" time="3.432">
  <properties/>
  <testcase name="testContactCreation" classname="ru.stqa.learn.addressbook.tests.ContactCreationTests" time="3.432"/>
  <system-out><![CDATA[]]></system-out>
  <system-err><![CDATA[]]></system-err>
</testsuite>
