<?xml version="1.0" encoding="UTF-8"?>
<testsuite name="ru.stqa.learn.addressbook.tests.ContactCreationTests" tests="1" skipped="0" failures="0" errors="0" timestamp="2017-10-19T13:03:58" hostname="WSRU-CRM-008" time="7.42">
  <properties/>
  <testcase name="testContactCreation" classname="ru.stqa.learn.addressbook.tests.ContactCreationTests" time="7.42"/>
  <system-out><![CDATA[]]></system-out>
  <system-err><![CDATA[]]></system-err>
</testsuite>
