<?xml version="1.0" encoding="UTF-8"?>
<testsuite name="ru.stqa.learn.addressbook.tests.ContactEmailTests" tests="1" skipped="0" failures="0" errors="0" timestamp="2017-10-17T14:48:30" hostname="WSRU-CRM-008" time="0.266">
  <properties/>
  <testcase name="testContactEmail" classname="ru.stqa.learn.addressbook.tests.ContactEmailTests" time="0.266"/>
  <system-out><![CDATA[]]></system-out>
  <system-err><![CDATA[]]></system-err>
</testsuite>
