<?xml version="1.0" encoding="UTF-8"?>
<testsuite name="ru.stqa.learn.addressbook.tests.GroupDeletionTests" tests="1" skipped="0" failures="0" errors="0" timestamp="2017-10-17T14:53:00" hostname="WSRU-CRM-008" time="1.639">
  <properties/>
  <testcase name="testGroupDeletion" classname="ru.stqa.learn.addressbook.tests.GroupDeletionTests" time="1.639"/>
  <system-out><![CDATA[]]></system-out>
  <system-err><![CDATA[]]></system-err>
</testsuite>
