<?xml version="1.0" encoding="UTF-8"?>
<testsuite name="ru.stqa.learn.addressbook.tests.ContactModificationTests" tests="1" skipped="0" failures="0" errors="0" timestamp="2017-10-17T14:48:30" hostname="WSRU-CRM-008" time="5.02">
  <properties/>
  <testcase name="testContactModification" classname="ru.stqa.learn.addressbook.tests.ContactModificationTests" time="5.02"/>
  <system-out><![CDATA[]]></system-out>
  <system-err><![CDATA[]]></system-err>
</testsuite>
