<?xml version="1.0" encoding="UTF-8"?>
<testsuite name="ru.stqa.learn.addressbook.tests.ContactDeletionTests" tests="1" skipped="0" failures="0" errors="0" timestamp="2017-10-17T14:48:29" hostname="WSRU-CRM-008" time="1.049">
  <properties/>
  <testcase name="testContactDeletion" classname="ru.stqa.learn.addressbook.tests.ContactDeletionTests" time="1.049"/>
  <system-out><![CDATA[]]></system-out>
  <system-err><![CDATA[]]></system-err>
</testsuite>
