<?xml version="1.0" encoding="UTF-8"?>
<testsuite name="ru.stqa.learn.addressbook.tests.GroupCreationTests" tests="3" skipped="0" failures="0" errors="0" timestamp="2017-10-17T14:52:49" hostname="WSRU-CRM-008" time="8.469">
  <properties/>
  <testcase name="testGroupCreation[0](GroupData{id='2147483647', name='Jtest 0'})" classname="ru.stqa.learn.addressbook.tests.GroupCreationTests" time="3.836"/>
  <testcase name="testGroupCreation[1](GroupData{id='2147483647', name='Jtest 1'})" classname="ru.stqa.learn.addressbook.tests.GroupCreationTests" time="2.325"/>
  <testcase name="testGroupCreation[2](GroupData{id='2147483647', name='Jtest 2'})" classname="ru.stqa.learn.addressbook.tests.GroupCreationTests" time="2.308"/>
  <system-out><![CDATA[]]></system-out>
  <system-err><![CDATA[]]></system-err>
</testsuite>
