<?xml version="1.0" encoding="UTF-8"?>
<testsuite name="ru.stqa.learn.addressbook.tests.ContactAddressTests" tests="1" skipped="0" failures="0" errors="0" timestamp="2017-10-17T14:48:26" hostname="WSRU-CRM-008" time="0.357">
  <properties/>
  <testcase name="testContactAddress" classname="ru.stqa.learn.addressbook.tests.ContactAddressTests" time="0.357"/>
  <system-out><![CDATA[]]></system-out>
  <system-err><![CDATA[]]></system-err>
</testsuite>
